[    0.000000] Linux version 4.15.0-212-generic (buildd@lcy02-amd64-083) (gcc version 7.5.0 (Ubuntu 7.5.0-3ubuntu1~18.04)) #223-Ubuntu SMP Tue May 23 13:09:22 UTC 2023 (Ubuntu 4.15.0-212.223-generic 4.15.18)
[    0.000000] Command line: BOOT_IMAGE=/boot/vmlinuz-4.15.0-212-generic root=LABEL=cloudimg-rootfs ro console=tty1 console=ttyS0
[    0.000000] KERNEL supported cpus:
[    0.000000]   Intel GenuineIntel
[    0.000000]   AMD AuthenticAMD
[    0.000000]   Centaur CentaurHauls
[    0.000000] x86/fpu: x87 FPU will use FXSAVE
[    0.000000] e820: BIOS-provided physical RAM map:
[    0.000000] BIOS-e820: [mem 0x0000000000000000-0x000000000009fbff] usable
[    0.000000] BIOS-e820: [mem 0x000000000009fc00-0x000000000009ffff] reserved
[    0.000000] BIOS-e820: [mem 0x00000000000f0000-0x00000000000fffff] reserved
[    0.000000] BIOS-e820: [mem 0x0000000000100000-0x000000001ffeffff] usable
[    0.000000] BIOS-e820: [mem 0x000000001fff0000-0x000000001fffffff] ACPI data
[    0.000000] BIOS-e820: [mem 0x00000000fec00000-0x00000000fec00fff] reserved
[    0.000000] BIOS-e820: [mem 0x00000000fee00000-0x00000000fee00fff] reserved
[    0.000000] BIOS-e820: [mem 0x00000000fffc0000-0x00000000ffffffff] reserved
[    0.000000] NX (Execute Disable) protection: active
[    0.000000] SMBIOS 2.5 present.
[    0.000000] DMI: innotek GmbH VirtualBox/VirtualBox, BIOS VirtualBox 12/01/2006
[    0.000000] Hypervisor detected: KVM
[    0.000000] e820: last_pfn = 0x1fff0 max_arch_pfn = 0x400000000
[    0.000000] x86/PAT: Configuration [0-7]: WB  WC  UC- UC  WB  WP  UC- WT  
[    0.000000] CPU MTRRs all blank - virtualized system.
[    0.000000] found SMP MP-table at [mem 0x0009fbf0-0x0009fbff]
[    0.000000] Scanning 1 areas for low memory corruption
[    0.000000] RAMDISK: [mem 0x1db01000-0x1ee12fff]
[    0.000000] ACPI: Early table checksum verification disabled
[    0.000000] ACPI: RSDP 0x00000000000E0000 000024 (v02 VBOX  )
[    0.000000] ACPI: XSDT 0x000000001FFF0030 00003C (v01 VBOX   VBOXXSDT 00000001 ASL  00000061)
[    0.000000] ACPI: FACP 0x000000001FFF00F0 0000F4 (v04 VBOX   VBOXFACP 00000001 ASL  00000061)
[    0.000000] ACPI: DSDT 0x000000001FFF0610 002353 (v02 VBOX   VBOXBIOS 00000002 INTL 20100528)
[    0.000000] ACPI: FACS 0x000000001FFF0200 000040
[    0.000000] ACPI: FACS 0x000000001FFF0200 000040
[    0.000000] ACPI: APIC 0x000000001FFF0240 000054 (v02 VBOX   VBOXAPIC 00000001 ASL  00000061)
[    0.000000] ACPI: SSDT 0x000000001FFF02A0 00036C (v01 VBOX   VBOXCPUT 00000002 INTL 20100528)
[    0.000000] ACPI: Reserving FACP table memory at [mem 0x1fff00f0-0x1fff01e3]
[    0.000000] ACPI: Reserving DSDT table memory at [mem 0x1fff0610-0x1fff2962]
[    0.000000] ACPI: Reserving FACS table memory at [mem 0x1fff0200-0x1fff023f]
[    0.000000] ACPI: Reserving FACS table memory at [mem 0x1fff0200-0x1fff023f]
[    0.000000] ACPI: Reserving APIC table memory at [mem 0x1fff0240-0x1fff0293]
[    0.000000] ACPI: Reserving SSDT table memory at [mem 0x1fff02a0-0x1fff060b]
[    0.000000] No NUMA configuration found
[    0.000000] Faking a node at [mem 0x0000000000000000-0x000000001ffeffff]
[    0.000000] NODE_DATA(0) allocated [mem 0x1ffc5000-0x1ffeffff]
[    0.000000] kvm-clock: cpu 0, msr 0:1ff44001, primary cpu clock
[    0.000000] kvm-clock: Using msrs 4b564d01 and 4b564d00
[    0.000000] kvm-clock: using sched offset of 3614218401 cycles
[    0.000000] clocksource: kvm-clock: mask: 0xffffffffffffffff max_cycles: 0x1cd42e4dffb, max_idle_ns: 881590591483 ns
[    0.000000] Zone ranges:
[    0.000000]   DMA      [mem 0x0000000000001000-0x0000000000ffffff]
[    0.000000]   DMA32    [mem 0x0000000001000000-0x000000001ffeffff]
[    0.000000]   Normal   empty
[    0.000000]   Device   empty
[    0.000000] Movable zone start for each node
[    0.000000] Early memory node ranges
[    0.000000]   node   0: [mem 0x0000000000001000-0x000000000009efff]
[    0.000000]   node   0: [mem 0x0000000000100000-0x000000001ffeffff]
[    0.000000] Reserved but unavailable: 104 pages
[    0.000000] Initmem setup node 0 [mem 0x0000000000001000-0x000000001ffeffff]
[    0.000000] ACPI: PM-Timer IO Port: 0x4008
[    0.000000] IOAPIC[0]: apic_id 1, version 32, address 0xfec00000, GSI 0-23
[    0.000000] ACPI: INT_SRC_OVR (bus 0 bus_irq 0 global_irq 2 dfl dfl)
[    0.000000] ACPI: INT_SRC_OVR (bus 0 bus_irq 9 global_irq 9 low level)
[    0.000000] Using ACPI (MADT) for SMP configuration information
[    0.000000] smpboot: Allowing 1 CPUs, 0 hotplug CPUs
[    0.000000] PM: Registered nosave memory: [mem 0x00000000-0x00000fff]
[    0.000000] PM: Registered nosave memory: [mem 0x0009f000-0x0009ffff]
[    0.000000] PM: Registered nosave memory: [mem 0x000a0000-0x000effff]
[    0.000000] PM: Registered nosave memory: [mem 0x000f0000-0x000fffff]
[    0.000000] e820: [mem 0x20000000-0xfebfffff] available for PCI devices
[    0.000000] Booting paravirtualized kernel on KVM
[    0.000000] clocksource: refined-jiffies: mask: 0xffffffff max_cycles: 0xffffffff, max_idle_ns: 7645519600211568 ns
[    0.000000] setup_percpu: NR_CPUS:8192 nr_cpumask_bits:1 nr_cpu_ids:1 nr_node_ids:1
[    0.000000] percpu: Embedded 50 pages/cpu s167936 r8192 d28672 u2097152
[    0.000000] PV qspinlock hash table entries: 256 (order: 0, 4096 bytes)
[    0.000000] Built 1 zonelists, mobility grouping on.  Total pages: 128889
[    0.000000] Policy zone: DMA32
[    0.000000] Kernel command line: BOOT_IMAGE=/boot/vmlinuz-4.15.0-212-generic root=LABEL=cloudimg-rootfs ro console=tty1 console=ttyS0
[    0.000000] Memory: 466748K/523832K available (12300K kernel code, 2477K rwdata, 4324K rodata, 2480K init, 2720K bss, 57084K reserved, 0K cma-reserved)
[    0.000000] SLUB: HWalign=64, Order=0-3, MinObjects=0, CPUs=1, Nodes=1
[    0.000000] ftrace: allocating 39508 entries in 155 pages
[    0.004000] Hierarchical RCU implementation.
[    0.004000] 	RCU restricting CPUs from NR_CPUS=8192 to nr_cpu_ids=1.
[    0.004000] 	Tasks RCU enabled.
[    0.004000] RCU: Adjusting geometry for rcu_fanout_leaf=16, nr_cpu_ids=1
[    0.004000] NR_IRQS: 524544, nr_irqs: 256, preallocated irqs: 16
[    0.004000] random: crng init done
[    0.004000] Console: colour VGA+ 80x25
[    0.004000] console [tty1] enabled
[    0.004000] console [ttyS0] enabled
[    0.004000] ACPI: Core revision 20170831
[    0.004000] ACPI: 2 ACPI AML tables successfully acquired and loaded
[    0.004000] APIC: Switch to symmetric I/O mode setup
[    0.004000] ..TIMER: vector=0x30 apic1=0 pin1=2 apic2=-1 pin2=-1
[    0.004005] tsc: Detected 2688.000 MHz processor
[    0.008009] Calibrating delay loop (skipped) preset value.. 5376.00 BogoMIPS (lpj=10752000)
[    0.012002] pid_max: default: 32768 minimum: 301
[    0.016024] Security Framework initialized
[    0.019162] Yama: becoming mindful.
[    0.020017] AppArmor: AppArmor initialized
[    0.024069] Dentry cache hash table entries: 65536 (order: 7, 524288 bytes)
[    0.028042] Inode-cache hash table entries: 32768 (order: 6, 262144 bytes)
[    0.032010] Mount-cache hash table entries: 1024 (order: 1, 8192 bytes)
[    0.036004] Mountpoint-cache hash table entries: 1024 (order: 1, 8192 bytes)
[    0.041422] Last level iTLB entries: 4KB 0, 2MB 0, 4MB 0
[    0.044002] Last level dTLB entries: 4KB 0, 2MB 0, 4MB 0, 1GB 0
[    0.048035] Spectre V1 : Mitigation: usercopy/swapgs barriers and __user pointer sanitization
[    0.052003] Spectre V2 : Mitigation: Enhanced IBRS
[    0.056001] Spectre V2 : Spectre v2 / SpectreRSB mitigation: Filling RSB on context switch
[    0.060001] Spectre V2 : Spectre v2 / PBRSB-eIBRS: Retire a single CALL on VMEXIT
[    0.064001] RETBleed: Mitigation: Enhanced IBRS
[    0.068001] Speculative Store Bypass: Vulnerable
[    0.076000] Freeing SMP alternatives memory: 36K
[    0.189157] smpboot: CPU0: 11th Gen Intel(R) Core(TM) i5-11400H @ 2.70GHz (family: 0x6, model: 0x8d, stepping: 0x1)
[    0.192088] Performance Events: unsupported p6 CPU model 141 no PMU driver, software events only.
[    0.196061] Hierarchical SRCU implementation.
[    0.200518] NMI watchdog: Perf event create on CPU 0 failed with -2
[    0.204005] NMI watchdog: Perf NMI watchdog permanently disabled
[    0.208061] smp: Bringing up secondary CPUs ...
[    0.212003] smp: Brought up 1 node, 1 CPU
[    0.216002] smpboot: Max logical packages: 1
[    0.220003] smpboot: Total of 1 processors activated (5376.00 BogoMIPS)
[    0.224132] devtmpfs: initialized
[    0.228046] x86/mm: Memory block size: 128MB
[    0.230782] evm: security.selinux
[    0.232052] evm: security.SMACK64
[    0.236002] evm: security.SMACK64EXEC
[    0.238721] evm: security.SMACK64TRANSMUTE
[    0.240002] evm: security.SMACK64MMAP
[    0.244002] evm: security.apparmor
[    0.248001] evm: security.ima
[    0.249971] evm: security.capability
[    0.252112] clocksource: jiffies: mask: 0xffffffff max_cycles: 0xffffffff, max_idle_ns: 7645041785100000 ns
[    0.256011] futex hash table entries: 256 (order: 2, 16384 bytes)
[    0.260038] pinctrl core: initialized pinctrl subsystem
[    0.264277] RTC time: 16:18:46, date: 03/20/25
[    0.268091] NET: Registered protocol family 16
[    0.270731] audit: initializing netlink subsys (disabled)
[    0.272094] cpuidle: using governor ladder
[    0.276004] audit: type=2000 audit(1742487531.322:1): state=initialized audit_enabled=0 res=1
[    0.280004] cpuidle: using governor menu
[    0.282265] ACPI: bus type PCI registered
[    0.284002] acpiphp: ACPI Hot Plug PCI Controller Driver version: 0.5
[    0.288239] PCI: Using configuration type 1 for base access
[    0.292740] HugeTLB registered 2.00 MiB page size, pre-allocated 0 pages
[    0.296104] ACPI: Added _OSI(Module Device)
[    0.300003] ACPI: Added _OSI(Processor Device)
[    0.302472] ACPI: Added _OSI(3.0 _SCP Extensions)
[    0.304002] ACPI: Added _OSI(Processor Aggregator Device)
[    0.308007] ACPI: Added _OSI(Linux-Dell-Video)
[    0.310544] ACPI: Added _OSI(Linux-Lenovo-NV-HDMI-Audio)
[    0.312012] ACPI: Added _OSI(Linux-HPI-Hybrid-Graphics)
[    0.316559] ACPI: Executed 1 blocks of module-level executable AML code
[    0.325552] ACPI: Interpreter enabled
[    0.327708] ACPI: (supports S0 S5)
[    0.328003] ACPI: Using IOAPIC for interrupt routing
[    0.332376] PCI: Using host bridge windows from ACPI; if necessary, use "pci=nocrs" and report a bug
[    0.336175] ACPI: Enabled 2 GPEs in block 00 to 07
[    0.349008] ACPI: PCI Root Bridge [PCI0] (domain 0000 [bus 00-ff])
[    0.352006] acpi PNP0A03:00: _OSC: OS supports [ASPM ClockPM Segments MSI]
[    0.356636] acpi PNP0A03:00: _OSC: not requesting OS control; OS requires [ExtendedConfig ASPM ClockPM MSI]
[    0.360012] acpi PNP0A03:00: fail to add MMCONFIG information, can't access extended PCI configuration space under this bridge.
[    0.364501] PCI host bridge to bus 0000:00
[    0.368003] pci_bus 0000:00: root bus resource [io  0x0000-0x0cf7 window]
[    0.372003] pci_bus 0000:00: root bus resource [io  0x0d00-0xffff window]
[    0.376003] pci_bus 0000:00: root bus resource [mem 0x000a0000-0x000bffff window]
[    0.380002] pci_bus 0000:00: root bus resource [mem 0x20000000-0xfdffffff window]
[    0.384002] pci_bus 0000:00: root bus resource [bus 00-ff]
[    0.393312] pci 0000:00:01.1: legacy IDE quirk: reg 0x10: [io  0x01f0-0x01f7]
[    0.396003] pci 0000:00:01.1: legacy IDE quirk: reg 0x14: [io  0x03f6]
[    0.400003] pci 0000:00:01.1: legacy IDE quirk: reg 0x18: [io  0x0170-0x0177]
[    0.404002] pci 0000:00:01.1: legacy IDE quirk: reg 0x1c: [io  0x0376]
[    0.423292] pci 0000:00:07.0: quirk: [io  0x4000-0x403f] claimed by PIIX4 ACPI
[    0.424026] pci 0000:00:07.0: quirk: [io  0x4100-0x410f] claimed by PIIX4 SMB
[    0.435051] ACPI: PCI Interrupt Link [LNKA] (IRQs 5 9 10 *11)
[    0.436422] ACPI: PCI Interrupt Link [LNKB] (IRQs 5 9 *10 11)
[    0.440149] ACPI: PCI Interrupt Link [LNKC] (IRQs 5 *9 10 11)
[    0.444149] ACPI: PCI Interrupt Link [LNKD] (IRQs 5 9 10 *11)
[    0.448293] SCSI subsystem initialized
[    0.450509] pci 0000:00:02.0: vgaarb: setting as boot VGA device
[    0.452000] pci 0000:00:02.0: vgaarb: VGA device added: decodes=io+mem,owns=io+mem,locks=none
[    0.452003] pci 0000:00:02.0: vgaarb: bridge control possible
[    0.455142] vgaarb: loaded
[    0.456020] ACPI: bus type USB registered
[    0.458285] usbcore: registered new interface driver usbfs
[    0.460006] usbcore: registered new interface driver hub
[    0.464007] usbcore: registered new device driver usb
[    0.468045] EDAC MC: Ver: 3.0.0
[    0.470462] PCI: Using ACPI for IRQ routing
[    0.472509] NetLabel: Initializing
[    0.474463] NetLabel:  domain hash size = 128
[    0.476001] NetLabel:  protocols = UNLABELED CIPSOv4 CALIPSO
[    0.480017] NetLabel:  unlabeled traffic allowed by default
[    0.484089] clocksource: Switched to clocksource kvm-clock
[    0.513368] VFS: Disk quotas dquot_6.6.0
[    0.516352] VFS: Dquot-cache hash table entries: 512 (order 0, 4096 bytes)
[    0.521112] AppArmor: AppArmor Filesystem Enabled
[    0.524148] pnp: PnP ACPI init
[    0.527354] pnp: PnP ACPI: found 3 devices
[    0.536792] clocksource: acpi_pm: mask: 0xffffff max_cycles: 0xffffff, max_idle_ns: 2085701024 ns
[    0.541886] NET: Registered protocol family 2
[    0.544611] IP idents hash table entries: 8192 (order: 4, 65536 bytes)
[    0.548527] TCP established hash table entries: 4096 (order: 3, 32768 bytes)
[    0.552511] TCP bind hash table entries: 4096 (order: 4, 65536 bytes)
[    0.556428] TCP: Hash tables configured (established 4096 bind 4096)
[    0.560298] UDP hash table entries: 256 (order: 1, 8192 bytes)
[    0.564310] UDP-Lite hash table entries: 256 (order: 1, 8192 bytes)
[    0.567815] NET: Registered protocol family 1
[    0.570521] pci 0000:00:00.0: Limiting direct PCI/PCI transfers
[    0.573950] pci 0000:00:01.0: Activating ISA DMA hang workarounds
[    0.577734] pci 0000:00:02.0: Video device with shadowed ROM at [mem 0x000c0000-0x000dffff]
[    0.582645] Unpacking initramfs...
[    0.972522] Freeing initrd memory: 19528K
[    0.977729] clocksource: tsc: mask: 0xffffffffffffffff max_cycles: 0x26bef67878b, max_idle_ns: 440795293631 ns
[    0.990347] platform rtc_cmos: registered platform RTC device (no PNP device found)
[    0.999503] Scanning for low memory corruption every 60 seconds
[    1.006293] Initialise system trusted keyrings
[    1.010693] Key type blacklist registered
[    1.014896] workingset: timestamp_bits=36 max_order=17 bucket_order=0
[    1.023226] zbud: loaded
[    1.026940] squashfs: version 4.0 (2009/01/31) Phillip Lougher
[    1.034139] fuse init (API version 7.26)
[    1.041343] Key type asymmetric registered
[    1.045256] Asymmetric key parser 'x509' registered
[    1.049790] Block layer SCSI generic (bsg) driver version 0.4 loaded (major 246)
[    1.056415] io scheduler noop registered
[    1.059138] io scheduler deadline registered
[    1.063155] io scheduler cfq registered (default)
[    1.068263] ACPI: AC Adapter [AC] (on-line)
[    1.072645] input: Power Button as /devices/LNXSYSTM:00/LNXPWRBN:00/input/input0
[    1.079104] ACPI: Power Button [PWRF]
[    1.082691] input: Sleep Button as /devices/LNXSYSTM:00/LNXSLPBN:00/input/input1
[    1.088746] ACPI: Sleep Button [SLPF]
[    1.093904] ACPI: Battery Slot [BAT0] (battery present)
[    1.099116] Serial: 8250/16550 driver, 32 ports, IRQ sharing enabled
[    1.136326] 00:02: ttyS0 at I/O 0x3f8 (irq = 4, base_baud = 115200) is a 16550A
[    1.142796] Linux agpgart interface v0.103
[    1.147414] loop: module loaded
[    1.151681] scsi host0: ata_piix
[    1.154606] scsi host1: ata_piix
[    1.157857] ata1: PATA max UDMA/33 cmd 0x1f0 ctl 0x3f6 bmdma 0xd000 irq 14
[    1.163794] ata2: PATA max UDMA/33 cmd 0x170 ctl 0x376 bmdma 0xd008 irq 15
[    1.171186] tun: Universal TUN/TAP device driver, 1.6
[    1.176818] PPP generic driver version 2.4.2
[    1.181312] ehci_hcd: USB 2.0 'Enhanced' Host Controller (EHCI) Driver
[    1.188075] ehci-pci: EHCI PCI platform driver
[    1.192537] ehci-platform: EHCI generic platform driver
[    1.197355] ohci_hcd: USB 1.1 'Open' Host Controller (OHCI) Driver
[    1.202536] ohci-pci: OHCI PCI platform driver
[    1.206310] ohci-platform: OHCI generic platform driver
[    1.211049] uhci_hcd: USB Universal Host Controller Interface driver
[    1.216809] i8042: PNP: PS/2 Controller [PNP0303:PS2K,PNP0f03:PS2M] at 0x60,0x64 irq 1,12
[    1.226935] serio: i8042 KBD port at 0x60,0x64 irq 1
[    1.231467] serio: i8042 AUX port at 0x60,0x64 irq 12
[    1.236535] mousedev: PS/2 mouse device common for all mice
[    1.244389] input: AT Translated Set 2 keyboard as /devices/platform/i8042/serio0/input/input2
[    1.254043] rtc_cmos rtc_cmos: rtc core: registered rtc_cmos as rtc0
[    1.262004] rtc_cmos rtc_cmos: alarms up to one day, 114 bytes nvram
[    1.269034] i2c /dev entries driver
[    1.272754] device-mapper: uevent: version 1.0.3
[    1.277121] device-mapper: ioctl: 4.37.0-ioctl (2017-09-20) initialised: dm-devel@redhat.com
[    1.285678] ledtrig-cpu: registered to indicate activity on CPUs
[    1.292054] NET: Registered protocol family 10
[    1.300258] Segment Routing with IPv6
[    1.303964] NET: Registered protocol family 17
[    1.307896] Key type dns_resolver registered
[    1.311827] mce: Using 0 MCE banks
[    1.314306] RAS: Correctable Errors collector initialized.
[    1.317591] sched_clock: Marking stable (1317544143, 0)->(1832672401, -515128258)
[    1.322077] registered taskstats version 1
[    1.324723] Loading compiled-in X.509 certificates
[    1.372090] Loaded X.509 cert 'Build time autogenerated kernel key: b5b26778eaa3ab3a4a6cee031137706e947d12ad'
[    1.378989] Loaded X.509 cert 'Canonical Ltd. Live Patch Signing: 14df34d1a87cf37625abec039ef2bf521249b969'
[    1.384730] Loaded X.509 cert 'Canonical Ltd. Kernel Module Signing: 88f752e560a1e0737e31163a466ad7b70a850c19'
[    1.390491] blacklist: Loading compiled-in revocation X.509 certificates
[    1.394325] Loaded X.509 cert 'Canonical Ltd. Secure Boot Signing: 61482aa2830d0ab2ad5af10b7250da9033ddcef0'
[    1.399916] Loaded X.509 cert 'Canonical Ltd. Secure Boot Signing (2017): 242ade75ac4a15e50d50c84b0d45ff3eae707a03'
[    1.405846] Loaded X.509 cert 'Canonical Ltd. Secure Boot Signing (ESM 2018): 365188c1d374d6b07c3c8f240f8ef722433d6a8b'
[    1.412163] Loaded X.509 cert 'Canonical Ltd. Secure Boot Signing (2019): c0746fd6c5da3ae827864651ad66ae47fe24b3e8'
[    1.418401] Loaded X.509 cert 'Canonical Ltd. Secure Boot Signing (2021 v1): a8d54bbb3825cfb94fa13c9f8a594a195c107b8d'
[    1.424716] Loaded X.509 cert 'Canonical Ltd. Secure Boot Signing (2021 v2): 4cf046892d6fd3c9a5b03f98d845f90851dc6a8c'
[    1.431022] Loaded X.509 cert 'Canonical Ltd. Secure Boot Signing (2021 v3): 100437bb6de6e469b581e61cd66bce3ef4ed53af'
[    1.437000] Loaded X.509 cert 'Canonical Ltd. Secure Boot Signing (Ubuntu Core 2019): c1d57b8f6b743f23ee41f4f7ee292f06eecadfb9'
[    1.443733] zswap: loaded using pool lzo/zbud
[    1.449428] Key type big_key registered
[    1.451632] Key type trusted registered
[    1.455211] Key type encrypted registered
[    1.457617] AppArmor: AppArmor sha1 policy hashing enabled
[    1.461008] ima: No TPM chip found, activating TPM-bypass! (rc=-19)
[    1.464531] ima: Allocated hash algorithm: sha1
[    1.467096] evm: HMAC attrs: 0x1
[    1.469692]   Magic number: 1:453:338
[    1.471802] tty tty59: hash matches
[    1.474123] rtc_cmos rtc_cmos: setting system clock to 2025-03-20 16:18:47 UTC (1742487527)
[    1.478892] BIOS EDD facility v0.16 2004-Jun-25, 0 devices found
[    1.482376] EDD information not available.
[    1.486534] Freeing unused kernel image memory: 2480K
[    1.497448] Write protecting the kernel read-only data: 20480k
[    1.501287] Freeing unused kernel image memory: 2008K
[    1.504288] Freeing unused kernel image memory: 1820K
[    1.510145] x86/mm: Checked W+X mappings: passed, no W+X pages found.
Loading, please wait...
starting version 237
[    1.595877] e1000: Intel(R) PRO/1000 Network Driver - version 7.3.21-k8-NAPI
[    1.601989] e1000: Copyright (c) 1999-2006 Intel Corporation.
[    1.611387] Fusion MPT base driver 3.04.20
[    1.615278] Copyright (c) 1999-2008 LSI Corporation
[    1.653924] SSE version of gcm_enc/dec engaged.
[    1.674222] Fusion MPT SPI Host driver 3.04.20
[    1.863186] input: ImExPS/2 Generic Explorer Mouse as /devices/platform/i8042/serio1/input/input4
[    2.272633] e1000 0000:00:03.0 eth0: (PCI:33MHz:32-bit) 02:3b:7b:b7:3b:2d
[    2.278201] e1000 0000:00:03.0 eth0: Intel(R) PRO/1000 Network Connection
[    2.285372] mptbase: ioc0: Initiating bringup
[    2.398820] ioc0: LSI53C1030 A0: Capabilities={Initiator}
[    2.649090] scsi host2: ioc0: LSI53C1030 A0, FwRev=00000000h, Ports=1, MaxQ=256, IRQ=20
[    2.821731] scsi 2:0:0:0: Direct-Access     VBOX     HARDDISK         1.0  PQ: 0 ANSI: 5
[    2.831515] scsi target2:0:0: Beginning Domain Validation
[    2.841043] scsi target2:0:0: Domain Validation skipping write tests
[    2.846273] scsi target2:0:0: Ending Domain Validation
[    2.852195] scsi target2:0:0: asynchronous
[    2.857670] scsi 2:0:1:0: Direct-Access     VBOX     HARDDISK         1.0  PQ: 0 ANSI: 5
[    2.872478] scsi target2:0:1: Beginning Domain Validation
[    2.905384] scsi target2:0:1: Domain Validation skipping write tests
[    2.911076] scsi target2:0:1: Ending Domain Validation
[    2.931829] scsi target2:0:1: asynchronous
[    3.049118] sd 2:0:0:0: [sda] 83886080 512-byte logical blocks: (42.9 GB/40.0 GiB)
[    3.053981] sd 2:0:0:0: Attached scsi generic sg0 type 0
[    3.063431] sd 2:0:1:0: Attached scsi generic sg1 type 0
[    3.067599] sd 2:0:0:0: [sda] Write Protect is off
[    3.071258] sd 2:0:1:0: [sdb] 20480 512-byte logical blocks: (10.5 MB/10.0 MiB)
[    3.081624] sd 2:0:1:0: [sdb] Write Protect is off
[    3.084614] sd 2:0:0:0: [sda] Incomplete mode parameter data
[    3.087743] sd 2:0:0:0: [sda] Assuming drive cache: write through
[    3.097874] sd 2:0:1:0: [sdb] Incomplete mode parameter data
[    3.101334] sd 2:0:1:0: [sdb] Assuming drive cache: write through
[    3.119758]  sda: sda1
[    3.135993] sd 2:0:0:0: [sda] Attached SCSI disk
[    3.138805] sd 2:0:1:0: [sdb] Attached SCSI disk
[    3.486961] e1000 0000:00:08.0 eth1: (PCI:33MHz:32-bit) 08:00:27:f0:21:9a
[    3.490890] e1000 0000:00:08.0 eth1: Intel(R) PRO/1000 Network Connection
[    3.495663] e1000 0000:00:08.0 enp0s8: renamed from eth1
[    3.507546] e1000 0000:00:03.0 enp0s3: renamed from eth0
Begin: Loading essential drivers ... [    5.108140] raid6: sse2x1   gen() 19721 MB/s
[    5.160129] raid6: sse2x1   xor() 10834 MB/s
[    5.212426] raid6: sse2x2   gen() 19576 MB/s
[    5.276086] raid6: sse2x2   xor() 17578 MB/s
[    5.328049] raid6: sse2x4   gen() 22462 MB/s
[    5.380211] raid6: sse2x4   xor() 13323 MB/s
[    5.384056] raid6: using algorithm sse2x4 gen() 22462 MB/s
[    5.387142] raid6: .... xor() 13323 MB/s, rmw enabled
[    5.390327] raid6: using ssse3x2 recovery algorithm
[    5.394985] xor: measuring software checksum speed
[    5.496049]    prefetch64-sse: 63629.000 MB/sec
[    5.600089]    generic_sse: 59284.000 MB/sec
[    5.602556] xor: using function: prefetch64-sse (63629.000 MB/sec)
[    5.607093] async_tx: api initialized (async)
done.
Begin: Running /scripts/init-premount ... done.
Begin: Mounting root file system ... Begin: Running /scripts/local-top ... done.
Begin: Running /scripts/local-premount ... [    5.652508] Btrfs loaded, crc32c=crc32c-intel
Scanning for Btrfs filesystems
done.
Warning: fsck not present, so skipping root file system
[    5.701780] EXT4-fs (sda1): mounted filesystem with ordered data mode. Opts: (null)
done.
Begin: Running /scripts/local-bottom ... done.
Begin: Running /scripts/init-bottom ... done.
[    5.918796] ip_tables: (C) 2000-2006 Netfilter Core Team
[    5.934222] systemd[1]: systemd 237 running in system mode. (+PAM +AUDIT +SELINUX +IMA +APPARMOR +SMACK +SYSVINIT +UTMP +LIBCRYPTSETUP +GCRYPT +GNUTLS +ACL +XZ +LZ4 +SECCOMP +BLKID +ELFUTILS +KMOD -IDN2 +IDN -PCRE2 default-hierarchy=hybrid)
[    5.946444] systemd[1]: Detected virtualization oracle.
[    5.949572] systemd[1]: Detected architecture x86-64.

Welcome to [1mUbuntu 18.04.6 LTS[0m!

[    5.956327] systemd[1]: Set hostname to <ubuntu>.
[    5.963046] systemd[1]: Initializing machine ID from random generator.
[    5.967112] systemd[1]: Installed transient /etc/machine-id file.
[    6.272734] systemd[1]: Set up automount Arbitrary Executable File Formats File System Automount Point.
[[0;32m  OK  [0m] Set up automount Arbitrary Executab…rmats File System Automount Point.
[    6.282283] systemd[1]: Created slice System Slice.
[[0;32m  OK  [0m] Created slice System Slice.
[    6.288601] systemd[1]: Created slice system-serial\x2dgetty.slice.
[[0;32m  OK  [0m] Created slice system-serial\x2dgetty.slice.
[    6.295071] systemd[1]: Listening on LVM2 metadata daemon socket.
[[0;32m  OK  [0m] Listening on LVM2 metadata daemon socket.
[[0;32m  OK  [0m] Listening on /dev/initctl Compatibility Named Pipe.
[[0;32m  OK  [0m] Listening on Journal Socket.
[[0;32m  OK  [0m] Listening on LVM2 poll daemon socket.
[[0;32m  OK  [0m] Listening on Network Service Netlink Socket.
         Starting Set the console keyboard layout...
[[0;32m  OK  [0m] Reached target Mounting snaps.
[[0;32m  OK  [0m] Reached target Mounted snaps.
         Starting Load Kernel Modules...
[[0;32m  OK  [0m] Listening on fsck to fsckd communication Socket.
[[0;32m  OK  [0m] Listening on udev Kernel Socket.
[[0;32m  OK  [0m] Listening on udev Control Socket.
[[0;32m  OK  [0m] Listening on Journal Socket (/dev/log).
[    6.349646] Loading iSCSI transport class v2.0-870.
[[0;32m  OK  [0m] Created slice User and Session Slice.
[[0;32m  OK  [0m] Reached target Slices.
[    6.360738] iscsi: registered transport (tcp)
[[0;32m  OK  [0m] Listening on Journal Audit Socket.
[[0;32m  OK  [0m] Reached target Swap.
[[0;32m  OK  [0m] Listening on Syslog Socket.
[[0;32m  OK  [0m] Started Forward Password Requests to Wall Directory Watch.
[[0;32m  OK  [0m] Listening on Device-mapper event daemon FIFOs.
         Mounting Kernel Debug File System...
         Starting udev Coldplug all Devices...
[    6.394868] iscsi: registered transport (iser)
[[0;32m  OK  [0m] Reached target System Time Synchronized.
         Mounting Huge Pages File System...
         Starting File System Check on Root Device...
         Starting Monitoring of LVM2 mirrors…ng dmeventd or progress polling...
[[0;32m  OK  [0m] Reached target User and Group Name Lookups.
         Starting Journal Service...
         Starting Create list of required st…ce nodes for the current kernel...
         Mounting POSIX Message Queue File System...
         Starting Uncomplicated firewall...
[[0;32m  OK  [0m] Started Load Kernel Modules.
[[0;32m  OK  [0m] Mounted Kernel Debug File System.
[[0;32m  OK  [0m] Mounted Huge Pages File System.
[[0;32m  OK  [0m] Mounted POSIX Message Queue File System.
[[0;32m  OK  [0m] Started File System Check Daemon to report status.
         Mounting FUSE Control File System...
         Mounting Kernel Configuration File System...
         Starting Apply Kernel Variables...
[[0;32m  OK  [0m] Started Uncomplicated firewall.
[[0;32m  OK  [0m] Mounted Kernel Configuration File System.
[[0;32m  OK  [0m] Mounted FUSE Control File System.
[[0;32m  OK  [0m] Started Create list of required sta…vice nodes for the current kernel.
         Starting Create Static Device Nodes in /dev...
[[0;32m  OK  [0m] Started udev Coldplug all Devices.
[[0;32m  OK  [0m] Started Journal Service.
[[0;32m  OK  [0m] Started LVM2 metadata daemon.
[[0;32m  OK  [0m] Started File System Check on Root Device.
         Starting Remount Root and Kernel File Systems...
[[0;32m  OK  [0m] Started Create Static Device Nodes in /dev.
[[0;32m  OK  [0m] Started Apply Kernel Variables.
[[0;32m  OK  [0m] Started Remount Root and Kernel File Systems.
         Starting udev Kernel Device Manager...
         Starting Flush Journal to Persistent Storage...
         Starting Load/Save Random Seed...
[[0;32m  OK  [0m] Started Monitoring of LVM2 mirrors,…sing dmeventd or progress polling.
[[0;32m  OK  [0m] Started udev Kernel Device Manager.
[[0;32m  OK  [0m] Started Load/Save Random Seed.
[[0;32m  OK  [0m] Started Flush Journal to Persistent Storage.
[[0;32m  OK  [0m] Found device /dev/ttyS0.
[[0;32m  OK  [0m] Listening on Load/Save RF Kill Switch Status /dev/rfkill Watch.
[[0;32m  OK  [0m] Started Set the console keyboard layout.
[[0;32m  OK  [0m] Reached target Local File Systems (Pre).
[[0;32m  OK  [0m] Reached target Local File Systems.
         Starting Create Volatile Files and Directories...
         Starting AppArmor initialization...
         Starting Tell Plymouth To Write Out Runtime Data...
         Starting ebtables ruleset management...
         Starting Commit a transient machine-id on disk...
         Starting Set console font and keymap...
[[0;32m  OK  [0m] Started Dispatch Password Requests to Console Directory Watch.
[[0;32m  OK  [0m] Reached target Local Encrypted Volumes.
[[0;32m  OK  [0m] Started Create Volatile Files and Directories.
[[0;32m  OK  [0m] Started Tell Plymouth To Write Out Runtime Data.
         Starting Update UTMP about System Boot/Shutdown...
[[0;32m  OK  [0m] Started Commit a transient machine-id on disk.
[[0;32m  OK  [0m] Started Update UTMP about System Boot/Shutdown.
[[0;32m  OK  [0m] Started ebtables ruleset management.
         Mounting Arbitrary Executable File Formats File System...
[[0;32m  OK  [0m] Mounted Arbitrary Executable File Formats File System.
[[0;32m  OK  [0m] Started AppArmor initialization.
         Starting Load AppArmor profiles managed internally by snapd...
         Starting Initial cloud-init job (pre-networking)...
[[0;32m  OK  [0m] Started Load AppArmor profiles managed internally by snapd.
[[0;32m  OK  [0m] Started Set console font and keymap.
[   10.529461] cloud-init[757]: Cloud-init v. 23.1.2-0ubuntu0~18.04.1 running 'init-local' at Thu, 20 Mar 2025 16:18:56 +0000. Up 10.21 seconds.
[[0;32m  OK  [0m] Started Initial cloud-init job (pre-networking).
[[0;32m  OK  [0m] Reached target Network (Pre).
         Starting Network Service...
[[0;32m  OK  [0m] Started Network Service.
         Starting Network Name Resolution...
         Starting Wait for Network to be Configured...
[[0;32m  OK  [0m] Started Network Name Resolution.
[[0;32m  OK  [0m] Reached target Network.
[[0;32m  OK  [0m] Reached target Host and Network Name Lookups.
[[0;32m  OK  [0m] Started Wait for Network to be Configured.
         Starting Initial cloud-init job (metadata service crawler)...
[   12.842419] cloud-init[895]: Cloud-init v. 23.1.2-0ubuntu0~18.04.1 running 'init' at Thu, 20 Mar 2025 16:18:58 +0000. Up 12.71 seconds.
[   12.855940] cloud-init[895]: ci-info: ++++++++++++++++++++++++++++++++++++++Net device info+++++++++++++++++++++++++++++++++++++++
[   12.866235] cloud-init[895]: ci-info: +--------+-------+----------------------------+---------------+--------+-------------------+
[   12.878207] cloud-init[895]: ci-info: | Device |   Up  |          Address           |      Mask     | Scope  |     Hw-Address    |
[   12.897099] cloud-init[895]: ci-info: +--------+-------+----------------------------+---------------+--------+-------------------+
[   12.911393] cloud-init[895]: ci-info: | enp0s3 |  True |         10.0.2.15          | 255.255.255.0 | global | 02:3b:7b:b7:3b:2d |
[   12.931401] cloud-init[895]: ci-info: | enp0s3 |  True | fd00::3b:7bff:feb7:3b2d/64 |       .       | global | 02:3b:7b:b7:3b:2d |
[   12.942954] cloud-init[895]: ci-info: | enp0s3 |  True | fe80::3b:7bff:feb7:3b2d/64 |       .       |  link  | 02:3b:7b:b7:3b:2d |
[   12.958393] cloud-init[895]: ci-info: | enp0s8 | False |             .              |       .       |   .    | 08:00:27:f0:21:9a |
[   12.976414] cloud-init[895]: ci-info: |   lo   |  True |         127.0.0.1          |   255.0.0.0   |  host  |         .         |
[   12.986240] cloud-init[895]: ci-info: |   lo   |  True |          ::1/128           |       .       |  host  |         .         |
[   12.996951] cloud-init[895]: ci-info: +--------+-------+----------------------------+---------------+--------+-------------------+
[   13.012396] cloud-init[895]: ci-info: ++++++++++++++++++++++++++++Route IPv4 info+++++++++++++++++++++++++++++
[   13.024443] cloud-init[895]: ci-info: +-------+-------------+----------+-----------------+-----------+-------+
[   13.036311] cloud-init[895]: ci-info: | Route | Destination | Gateway  |     Genmask     | Interface | Flags |
[   13.044994] cloud-init[895]: ci-info: +-------+-------------+----------+-----------------+-----------+-------+
[   13.054088] cloud-init[895]: ci-info: |   0   |   0.0.0.0   | 10.0.2.2 |     0.0.0.0     |   enp0s3  |   UG  |
[   13.062740] cloud-init[895]: ci-info: |   1   |   10.0.2.0  | 0.0.0.0  |  255.255.255.0  |   enp0s3  |   U   |
[   13.072789] cloud-init[895]: ci-info: |   2   |   10.0.2.2  | 0.0.0.0  | 255.255.255.255 |   enp0s3  |   UH  |
[   13.086152] cloud-init[895]: ci-info: +-------+-------------+----------+-----------------+-----------+-------+
[   13.096799] cloud-init[895]: ci-info: +++++++++++++++++++Route IPv6 info+++++++++++++++++++
[   13.104662] cloud-init[895]: ci-info: +-------+-------------+---------+-----------+-------+
[   13.111096] cloud-init[895]: ci-info: | Route | Destination | Gateway | Interface | Flags |
[   13.122245] cloud-init[895]: ci-info: +-------+-------------+---------+-----------+-------+
[   13.132270] cloud-init[895]: ci-info: |   1   |  fd00::/64  |    ::   |   enp0s3  |   U   |
[   13.139005] cloud-init[895]: ci-info: |   2   |  fe80::/64  |    ::   |   enp0s3  |   U   |
[   13.145588] cloud-init[895]: ci-info: |   3   |     ::/0    | fe80::2 |   enp0s3  |   UG  |
[   13.158213] cloud-init[895]: ci-info: |   5   |    local    |    ::   |   enp0s3  |   U   |
[   13.167485] cloud-init[895]: ci-info: |   6   |   ff00::/8  |    ::   |   enp0s3  |   U   |
[   13.178622] cloud-init[895]: ci-info: +-------+-------------+---------+-----------+-------+
[   13.950405] cloud-init[895]: Generating public/private rsa key pair.
[   13.960745] cloud-init[895]: Your identification has been saved in /etc/ssh/ssh_host_rsa_key.
[   13.973051] cloud-init[895]: Your public key has been saved in /etc/ssh/ssh_host_rsa_key.pub.
[   13.982366] cloud-init[895]: The key fingerprint is:
[   13.994199] cloud-init[895]: SHA256:/zkaJBsM/PNOHg4HQnASnJP/M9sApQbERAOE5Czpen4 root@ubuntu-bionic
[   14.002281] cloud-init[895]: The key's randomart image is:
[   14.014377] cloud-init[895]: +---[RSA 2048]----+
[   14.017848] cloud-init[895]: |.+oBO+.          |
[   14.033490] cloud-init[895]: |+.  B*  .        |
[   14.037916] cloud-init[895]: |oo   ++o         |
[   14.041437] cloud-init[895]: |o    .=+         |
[   14.044935] cloud-init[895]: | .   ..oS .      |
[   14.054221] cloud-init[895]: |.      .=X       |
[   14.061291] cloud-init[895]: |. .     o*B      |[[0;32m  OK  [0m] Started Initial cloud-init job (metadata service crawler).
[   14.069218] cloud-init[895]: | o  E   .B.+..   |
[[0;32m  OK  [0m] Reached target Cloud-config availability.
[[0;32m  OK  [0m
[   14.077098] cloud-init[895]: |  ..      =.o.   |
[   14.080109] ] Reached target Network is Online.
         Starting Availability of block devices...
[[0;32m  OK  [0mcloud-init] Reached target Remote File Systems (Pre).[895]: +----[SHA256]-----+

[[0;32m  OK  [0m] Reached target Remote File Systems.
[   14.106363] cloud-init[895]: [[0;32m  OK  [0m] Reached target System Initialization.
Generating public/private dsa key pair.
[[0;32m  OK  [0m] Listening on cloud-init hotplug hook socket.
[[   14.122803] cloud-init[0;32m  OK  [0m] Started Daily apt download activities.
[895]: Your identification has been saved in /etc/ssh/ssh_host_dsa_key.
[[0;32m  OK  [0m] Started Daily apt upgrade and clean activities.
[   14.140614] cloud-init[895]: Your public key has been saved in /etc/ssh/ssh_host_dsa_key.pub.[[0;32m  OK  [0m
[   14.149808] cloud-init[895]: ] Listening on ACPID Listen Socket.
[The key fingerprint is:
[   14.158752] cloud-init[0;32m  OK  [0m] Listening on UUID daemon activation socket.
[895]: SHA256:ujGXwQ2/WMn6j1UsYh3+YoAdlGPHQWbaeuSUr2ZSE8U root@ubuntu-bionic
[[0;32m  OK  [0m] Started Daily Cleanup of Temporary Directories.[   14.173607] cloud-init[895]: 
The key's randomart image is:         Starting LXD - unix socket.
[
[   14.185167] cloud-init[895]: +---[DSA 1024]----+[0;32m  OK  [0m] Started Discard unused blocks once a week.
[[0;32m  OK  [0m] Listening on Open-iSCSI iscsid Socket.

         Starting Socket activation for snappy daemon.[   14.210079] cloud-init[895]: 
[[0;32m  OK  [0m] |          .+=o.  |Listening on D-Bus System Message Bus Socket.
[[0;32m  OK  [0m
[   14.227512] ] Started Message of the Day.
[cloud-init[895]: |         .+=ooE  |[0;32m  OK  [0m] Started Ubuntu Advantage Timer for running repeated jobs.
[   14.241689] cloud-init[895]: |        ..ooB    |
[[0;32m  OK  [0m] 
[   14.249420] cloud-init[895]: |       . B X =   |Reached target Timers.

[   14.255807] cloud-init[[0;32m  OK  [0m] Started ACPI Events Check.[895]: |        S % O +  |
[   14.263681] 
[[0;32m  OK  [0m] Reached target Paths.cloud-init[895]: |       . B * *   |

[[0;32m  OK  [0m] [   14.276702] cloud-init[895]: |      + = o B .  |Started Availability of block devices.
[[0;32m  OK  [0m
[   14.285926] cloud-init[895]: ] Listening on LXD - unix socket.
[[0;32m  OK  [0m] Listening on Socket activation for snappy daemon.
[[0;32m  OK  [0m|       = . B .   |
[   14.303709] ] Reached target Sockets.
[cloud-init[895]: |      .   o..    |
[   14.315330] [0;32m  OK  [0m] Reached target Basic System.
[cloud-init[895]: +----[SHA256]-----+
[   14.322682] cloud-init[895]: [0;32m  OK  [0m] Started Deferred execution scheduler.
Generating public/private ecdsa key pair.         Starting LSB: Record successful boot for GRUB...
         Starting Accounts Service...
[[0;32m  OK  [0m] Started FUSE filesystem for LXC.

[   14.353381] cloud-init[895]: Your identification has been saved in /etc/ssh/ssh_host_ecdsa_key.
[   14.365969] cloud-init[895]: [[0;32m  OK  [0m] Started irqbalance daemon.
Your public key has been saved in /etc/ssh/ssh_host_ecdsa_key.pub.
[   14.395737]          Starting Dispatcher daemon for systemd-networkd...
cloud-init[895]: The key fingerprint is:
[   14.407962]          Starting System Logging Service...
         Starting Permit User Sessions...
cloud-init[895]: SHA256:BgkWP/CZE8ixJt6EaOYsATar8Di3QIpj6FsUfYAL7Vo root@ubuntu-bionic
[   14.447753] cloud-init[895]:          Starting Snap Daemon...
         Starting Virtualbox guest utils...
The key's randomart image is:         Starting Login Service...

[   14.486768] cloud-init[895]: +---[ECDSA 256]---+
[   14.510076] cloud-init[[0;32m  OK  [0m] Started Regular background program processing daemon.
         Starting LSB: automatic crash report generation...
         Starting Pollinate to seed the pseudo random number generator...
[895]: |.o..B=.          |
[   14.565019] cloud-init[895]: |ooo=+*.=         |
[[0;32m  OK  [0m] Started D-Bus System Message Bus.[   14.589389] 
cloud-init[895]: |+==.=.X.         |
[   14.615644] cloud-init[895]: |%= E. .+         |
[   14.640804] cloud-init[895]: |@+*..   S        |
[   14.665193] cloud-init[895]: |+*..   .         |
[[0;32m  OK  [0m] Started Login Service.
[[0;32m  OK  [0m] [   14.710386] Started Unattended Upgrades Shutdown.cloud-init
[[0;32m  OK  [0m] Reached target Login Prompts (Pre).
[895]:          Starting LXD - container startup/shutdown...
| ...             |
[[0;32m  OK  [0m] Started System Logging Service.
[[0;32m  OK  [0m] Started Permit User Sessions.[   14.753068] 
cloud-init[895]:          Starting Hostname Service...
         Starting Hold until boot process finishes up...
         Starting Terminate Plymouth Boot Screen...
         Starting Authorization Manager...
[[0;32m  OK  [0m] Started Hold until boot process finishes up.
|  o              |         Starting Set console scheme...
[[0;32m  OK  [0m] Started Serial Getty on ttyS0.

[   14.938943] [[0;32m  OK  [0m] Started Terminate Plymouth Boot Screen.
[[0;32m  OK  [0m] Started Set console scheme.
[[0;32m  OK  [0m] Created slice system-getty.slice.
cloud-init[[0;32m  OK  [0m] Started Getty on tty1.[895]: 
[[0;32m  OK  [0m] Reached target Login Prompts.| .               |

[   15.042394] cloud-init[895]: [[0;32m  OK  [0m] Started LSB: automatic crash report generation.+----[SHA256]-----+
[[0;32m  OK  [0m] Started Authorization Manager.
[[0;32m  OK  [0m] Started Accounts Service.

[[0;32m  OK  [0m] Started Hostname Service.
[   15.114581] cloud-init[895]: Generating public/private ed25519 key pair.
[   15.145149] cloud-init[895]: Your identification has been saved in /etc/ssh/ssh_host_ed25519_key.
[   15.186705] cloud-init[895]: Your public key has been saved in /etc/ssh/ssh_host_ed25519_key.pub.
[   15.227242] cloud-init[895]: The key fingerprint is:
[   15.262807] cloud-init[895]: SHA256:60ddRz+jMjFTuw9+WJTnhkIBGOZ9fx0oKO+DFquHJec root@ubuntu-bionic
[   15.295876] cloud-init[895]: The key's randomart image is:
[[0;32m  OK  [0m] Started LSB: Record successful boot for GRUB.[   15.322462] cloud-init
[895]: +--[ED25519 256]--+
[   15.343508] cloud-init[895]: |        oo..     |
[   15.383110] cloud-init[895]: |       o... ... .|
[   15.410335] cloud-init[895]: |       .....oo.oo|
[   15.427751] cloud-init[895]: |        o  =oo.=*|
[   15.451569] cloud-init[895]: |       .S. o+.=+*|
[   15.470620] cloud-init[895]: |     . o=..oo+.oo|
[   15.484427] cloud-init[[0;32m  OK  [0m] Started Virtualbox guest utils.
[895]: |      *+.+  +.=. |
[   15.506635] cloud-init[895]: |     .oE  o  o o |
[   15.541597] cloud-init[895]: |     .. ..    .  |
[   15.578770] cloud-init[895]: +----[SHA256]-----+
[[0;32m  OK  [0m] Started LXD - container startup/shutdown.
[[0;32m  OK  [0m] Started Dispatcher daemon for systemd-networkd.
[[0;32m  OK  [0m] Started Snap Daemon.
         Starting Wait until snapd is fully seeded...
         Starting Time & Date Service...
[[0;32m  OK  [0m] Started Time & Date Service.
[[0;32m  OK  [0m] Started Pollinate to seed the pseudo random number generator.
         Starting OpenBSD Secure Shell server...
[[0;32m  OK  [0m] Started OpenBSD Secure Shell server.
[[0;32m  OK  [0m] Created slice User Slice of vagrant.
         Starting User Manager for UID 1000...
[[0;32m  OK  [0m] Started Session 1 of user vagrant.
[[0;32m  OK  [0m] Started User Manager for UID 1000.

Ubuntu 18.04.6 LTS ubuntu-bionic ttyS0

ubuntu-bionic login: [   21.606818] cloud-init[1414]: Cloud-init v. 23.1.2-0ubuntu0~18.04.1 running 'modules:config' at Thu, 20 Mar 2025 16:19:06 +0000. Up 20.85 seconds.
ci-info: no authorized SSH keys fingerprints found for user ubuntu.
<14>Mar 20 16:19:08 cloud-init: #############################################################
<14>Mar 20 16:19:08 cloud-init: -----BEGIN SSH HOST KEY FINGERPRINTS-----
<14>Mar 20 16:19:08 cloud-init: 1024 SHA256:ujGXwQ2/WMn6j1UsYh3+YoAdlGPHQWbaeuSUr2ZSE8U root@ubuntu-bionic (DSA)
<14>Mar 20 16:19:08 cloud-init: 256 SHA256:BgkWP/CZE8ixJt6EaOYsATar8Di3QIpj6FsUfYAL7Vo root@ubuntu-bionic (ECDSA)
<14>Mar 20 16:19:08 cloud-init: 256 SHA256:60ddRz+jMjFTuw9+WJTnhkIBGOZ9fx0oKO+DFquHJec root@ubuntu-bionic (ED25519)
<14>Mar 20 16:19:08 cloud-init: 2048 SHA256:/zkaJBsM/PNOHg4HQnASnJP/M9sApQbERAOE5Czpen4 root@ubuntu-bionic (RSA)
<14>Mar 20 16:19:08 cloud-init: -----END SSH HOST KEY FINGERPRINTS-----
<14>Mar 20 16:19:08 cloud-init: #############################################################
-----BEGIN SSH HOST KEY KEYS-----
ecdsa-sha2-nistp256 AAAAE2VjZHNhLXNoYTItbmlzdHAyNTYAAAAIbmlzdHAyNTYAAABBBFwcGVocJM4NCsaalMdYiZYIGZ/UjYNUfRUah6gy7AssS9/Fdcknb0LNOynWEphMlbY3zLAWWv6/YyHVWTeXyRo= root@ubuntu-bionic
ssh-ed25519 AAAAC3NzaC1lZDI1NTE5AAAAIBHqiSbdIQ3GuXDapc0H31Z+lm4brSdfzVZTKHXG0QHv root@ubuntu-bionic
ssh-rsa AAAAB3NzaC1yc2EAAAADAQABAAABAQC6ZppVsREnHKtKnXyAe8lu0EMebfgJrIHOmzsruKs7zpMW/aQooelsWJVy0YF5n38DYfzBWEgVGjzEWsIfpjYj1/Px0n9h2htvSPQQXXLDb4Vp0cn47vauhXYfeHTWMDBJSoGc7xry3T7icaG3e/taZC3FEc+vCdIvtx3x7tRnK5NoDo3yQ8clgvtbGZLt7gr+bwbe3Wv6gDNLS2ypzbWl7wQb+lsWrRO8yjvloLYB1TXuqE1qp7c/tyzhsBzgb6IhmMrE9OMdrdckiPx1oZhRQ0Y9XJ31lsJozeDw32TO0eZw43j5lPfp65nCxyxISl535fynt3UORhFXPLSDsJfl root@ubuntu-bionic
-----END SSH HOST KEY KEYS-----
[   22.576933] cloud-init[1558]: Cloud-init v. 23.1.2-0ubuntu0~18.04.1 running 'modules:final' at Thu, 20 Mar 2025 16:19:08 +0000. Up 22.23 seconds.
[   22.586114] cloud-init[1558]: Cloud-init v. 23.1.2-0ubuntu0~18.04.1 finished at Thu, 20 Mar 2025 16:19:08 +0000. Datasource DataSourceNoCloud [seed=/dev/sdb][dsmode=net].  Up 22.56 seconds
